Command line invocation:
    /Applications/Xcode.app/Contents/Developer/usr/bin/xcodebuild -scheme KineprintApp -destination "generic/platform=iOS Simulator,name=iPhone 15"

Resolve Package Graph
2026-02-21 11:50:36.252 xcodebuild[12972:456664] [MT] IDERunDestination: Supported platforms for the buildables in the current scheme is empty.


Resolved source packages:
  KineprintApp: /Users/adityakumar/Documents/KineprintApp2.0.swiftpm

ComputePackagePrebuildTargetDependencyGraph

Prepare packages

CreateBuildRequest

SendProjectDescription

CreateBuildOperation

ComputeTargetDependencyGraph
note: Building targets in dependency order
note: Target dependency graph (1 target)
    Target 'KineprintApp' in project 'KineprintApp' (no dependencies)

GatherProvisioningInputs

CreateBuildDescription

ClangStatCache /Applications/Xcode.app/Contents/Developer/Toolchains/XcodeDefault.xctoolchain/usr/bin/clang-stat-cache /Applications/Xcode.app/Contents/Developer/Platforms/iPhoneSimulator.platform/Developer/SDKs/iPhoneSimulator26.2.sdk /Users/adityakumar/Library/Developer/Xcode/DerivedData/SDKStatCaches.noindex/iphonesimulator26.2-23C53-7d00a8b37fbd7999ea79df8ebc024bf0.sdkstatcache
    cd /Users/adityakumar/Documents/KineprintApp2.0.swiftpm/.swiftpm/xcode
    /Applications/Xcode.app/Contents/Developer/Toolchains/XcodeDefault.xctoolchain/usr/bin/clang-stat-cache /Applications/Xcode.app/Contents/Developer/Platforms/iPhoneSimulator.platform/Developer/SDKs/iPhoneSimulator26.2.sdk -o /Users/adityakumar/Library/Developer/Xcode/DerivedData/SDKStatCaches.noindex/iphonesimulator26.2-23C53-7d00a8b37fbd7999ea79df8ebc024bf0.sdkstatcache

SwiftDriver KineprintApp normal x86_64 com.apple.xcode.tools.swift.compiler (in target 'KineprintApp' from project 'KineprintApp')
    cd /Users/adityakumar/Documents/KineprintApp2.0.swiftpm/.swiftpm/xcode
    builtin-SwiftDriver -- /Applications/Xcode.app/Contents/Developer/Toolchains/XcodeDefault.xctoolchain/usr/bin/swiftc -module-name KineprintApp -Onone -enforce-exclusivity\=checked @/Users/adityakumar/Library/Developer/Xcode/DerivedData/KineprintApp2.0-edbtiaosxutstxgrjhgnzdfuyups/Build/Intermediates.noindex/KineprintApp.build/Debug-iphonesimulator/KineprintApp.build/Objects-normal/x86_64/KineprintApp.SwiftFileList -DSWIFT_PACKAGE -DDEBUG -DXcode -plugin-path /Applications/Xcode.app/Contents/Developer/Toolchains/XcodeDefault.xctoolchain/usr/lib/swift/host/plugins/testing -enable-experimental-feature DebugDescriptionMacro -sdk /Applications/Xcode.app/Contents/Developer/Platforms/iPhoneSimulator.platform/Developer/SDKs/iPhoneSimulator26.2.sdk -target x86_64-apple-ios16.0-simulator -g -module-cache-path /Users/adityakumar/Library/Developer/Xcode/DerivedData/ModuleCache.noindex -Xfrontend -serialize-debugging-options -enable-testing -index-store-path /Users/adityakumar/Library/Developer/Xcode/DerivedData/KineprintApp2.0-edbtiaosxutstxgrjhgnzdfuyups/Index.noindex/DataStore -Xcc -D_LIBCPP_HARDENING_MODE\=_LIBCPP_HARDENING_MODE_DEBUG -swift-version 5 -I /Users/adityakumar/Library/Developer/Xcode/DerivedData/KineprintApp2.0-edbtiaosxutstxgrjhgnzdfuyups/Build/Products/Debug-iphonesimulator -Isystem /Applications/Xcode.app/Contents/Developer/Platforms/iPhoneSimulator.platform/Developer/usr/lib -F /Users/adityakumar/Library/Developer/Xcode/DerivedData/KineprintApp2.0-edbtiaosxutstxgrjhgnzdfuyups/Build/Products/Debug-iphonesimulator -F /Applications/Xcode.app/Contents/Developer/Platforms/iPhoneSimulator.platform/Developer/Library/Frameworks -F /Applications/Xcode.app/Contents/Developer/Platforms/iPhoneSimulator.platform/Developer/SDKs/iPhoneSimulator26.2.sdk/Developer/Library/Frameworks -c -j8 -enable-batch-mode -incremental -Xcc -ivfsstatcache -Xcc /Users/adityakumar/Library/Developer/Xcode/DerivedData/SDKStatCaches.noindex/iphonesimulator26.2-23C53-7d00a8b37fbd7999ea79df8ebc024bf0.sdkstatcache -output-file-map /Users/adityakumar/Library/Developer/Xcode/DerivedData/KineprintApp2.0-edbtiaosxutstxgrjhgnzdfuyups/Build/Intermediates.noindex/KineprintApp.build/Debug-iphonesimulator/KineprintApp.build/Objects-normal/x86_64/KineprintApp-OutputFileMap.json -use-frontend-parseable-output -save-temps -no-color-diagnostics -explicit-module-build -module-cache-path /Users/adityakumar/Library/Developer/Xcode/DerivedData/KineprintApp2.0-edbtiaosxutstxgrjhgnzdfuyups/Build/Intermediates.noindex/SwiftExplicitPrecompiledModules -clang-scanner-module-cache-path /Users/adityakumar/Library/Developer/Xcode/DerivedData/ModuleCache.noindex -sdk-module-cache-path /Users/adityakumar/Library/Developer/Xcode/DerivedData/ModuleCache.noindex -serialize-diagnostics -emit-dependencies -emit-module -emit-module-path /Users/adityakumar/Library/Developer/Xcode/DerivedData/KineprintApp2.0-edbtiaosxutstxgrjhgnzdfuyups/Build/Intermediates.noindex/KineprintApp.build/Debug-iphonesimulator/KineprintApp.build/Objects-normal/x86_64/KineprintApp.swiftmodule -validate-clang-modules-once -clang-build-session-file /Users/adityakumar/Library/Developer/Xcode/DerivedData/ModuleCache.noindex/Session.modulevalidation -package-name kineprintapp2_0_swiftpm -emit-const-values -Xfrontend -const-gather-protocols-file -Xfrontend /Users/adityakumar/Library/Developer/Xcode/DerivedData/KineprintApp2.0-edbtiaosxutstxgrjhgnzdfuyups/Build/Intermediates.noindex/KineprintApp.build/Debug-iphonesimulator/KineprintApp.build/Objects-normal/x86_64/KineprintApp_const_extract_protocols.json -Xcc -I/Users/adityakumar/Library/Developer/Xcode/DerivedData/KineprintApp2.0-edbtiaosxutstxgrjhgnzdfuyups/Build/Products/Debug-iphonesimulator/include -Xcc -I/Users/adityakumar/Library/Developer/Xcode/DerivedData/KineprintApp2.0-edbtiaosxutstxgrjhgnzdfuyups/Build/Intermediates.noindex/KineprintApp.build/Debug-iphonesimulator/KineprintApp.build/DerivedSources-normal/x86_64 -Xcc -I/Users/adityakumar/Library/Developer/Xcode/DerivedData/KineprintApp2.0-edbtiaosxutstxgrjhgnzdfuyups/Build/Intermediates.noindex/KineprintApp.build/Debug-iphonesimulator/KineprintApp.build/DerivedSources/x86_64 -Xcc -I/Users/adityakumar/Library/Developer/Xcode/DerivedData/KineprintApp2.0-edbtiaosxutstxgrjhgnzdfuyups/Build/Intermediates.noindex/KineprintApp.build/Debug-iphonesimulator/KineprintApp.build/DerivedSources -Xcc -DSWIFT_PACKAGE -Xcc -DDEBUG\=1 -working-directory /Users/adityakumar/Documents/KineprintApp2.0.swiftpm/.swiftpm/xcode -experimental-emit-module-separately -disable-cmo

SwiftDriver KineprintApp normal arm64 com.apple.xcode.tools.swift.compiler (in target 'KineprintApp' from project 'KineprintApp')
    cd /Users/adityakumar/Documents/KineprintApp2.0.swiftpm/.swiftpm/xcode
    builtin-SwiftDriver -- /Applications/Xcode.app/Contents/Developer/Toolchains/XcodeDefault.xctoolchain/usr/bin/swiftc -module-name KineprintApp -Onone -enforce-exclusivity\=checked @/Users/adityakumar/Library/Developer/Xcode/DerivedData/KineprintApp2.0-edbtiaosxutstxgrjhgnzdfuyups/Build/Intermediates.noindex/KineprintApp.build/Debug-iphonesimulator/KineprintApp.build/Objects-normal/arm64/KineprintApp.SwiftFileList -DSWIFT_PACKAGE -DDEBUG -DXcode -plugin-path /Applications/Xcode.app/Contents/Developer/Toolchains/XcodeDefault.xctoolchain/usr/lib/swift/host/plugins/testing -enable-experimental-feature DebugDescriptionMacro -sdk /Applications/Xcode.app/Contents/Developer/Platforms/iPhoneSimulator.platform/Developer/SDKs/iPhoneSimulator26.2.sdk -target arm64-apple-ios16.0-simulator -g -module-cache-path /Users/adityakumar/Library/Developer/Xcode/DerivedData/ModuleCache.noindex -Xfrontend -serialize-debugging-options -enable-testing -index-store-path /Users/adityakumar/Library/Developer/Xcode/DerivedData/KineprintApp2.0-edbtiaosxutstxgrjhgnzdfuyups/Index.noindex/DataStore -Xcc -D_LIBCPP_HARDENING_MODE\=_LIBCPP_HARDENING_MODE_DEBUG -swift-version 5 -I /Users/adityakumar/Library/Developer/Xcode/DerivedData/KineprintApp2.0-edbtiaosxutstxgrjhgnzdfuyups/Build/Products/Debug-iphonesimulator -Isystem /Applications/Xcode.app/Contents/Developer/Platforms/iPhoneSimulator.platform/Developer/usr/lib -F /Users/adityakumar/Library/Developer/Xcode/DerivedData/KineprintApp2.0-edbtiaosxutstxgrjhgnzdfuyups/Build/Products/Debug-iphonesimulator -F /Applications/Xcode.app/Contents/Developer/Platforms/iPhoneSimulator.platform/Developer/Library/Frameworks -F /Applications/Xcode.app/Contents/Developer/Platforms/iPhoneSimulator.platform/Developer/SDKs/iPhoneSimulator26.2.sdk/Developer/Library/Frameworks -c -j8 -enable-batch-mode -incremental -Xcc -ivfsstatcache -Xcc /Users/adityakumar/Library/Developer/Xcode/DerivedData/SDKStatCaches.noindex/iphonesimulator26.2-23C53-7d00a8b37fbd7999ea79df8ebc024bf0.sdkstatcache -output-file-map /Users/adityakumar/Library/Developer/Xcode/DerivedData/KineprintApp2.0-edbtiaosxutstxgrjhgnzdfuyups/Build/Intermediates.noindex/KineprintApp.build/Debug-iphonesimulator/KineprintApp.build/Objects-normal/arm64/KineprintApp-OutputFileMap.json -use-frontend-parseable-output -save-temps -no-color-diagnostics -explicit-module-build -module-cache-path /Users/adityakumar/Library/Developer/Xcode/DerivedData/KineprintApp2.0-edbtiaosxutstxgrjhgnzdfuyups/Build/Intermediates.noindex/SwiftExplicitPrecompiledModules -clang-scanner-module-cache-path /Users/adityakumar/Library/Developer/Xcode/DerivedData/ModuleCache.noindex -sdk-module-cache-path /Users/adityakumar/Library/Developer/Xcode/DerivedData/ModuleCache.noindex -serialize-diagnostics -emit-dependencies -emit-module -emit-module-path /Users/adityakumar/Library/Developer/Xcode/DerivedData/KineprintApp2.0-edbtiaosxutstxgrjhgnzdfuyups/Build/Intermediates.noindex/KineprintApp.build/Debug-iphonesimulator/KineprintApp.build/Objects-normal/arm64/KineprintApp.swiftmodule -validate-clang-modules-once -clang-build-session-file /Users/adityakumar/Library/Developer/Xcode/DerivedData/ModuleCache.noindex/Session.modulevalidation -package-name kineprintapp2_0_swiftpm -emit-const-values -Xfrontend -const-gather-protocols-file -Xfrontend /Users/adityakumar/Library/Developer/Xcode/DerivedData/KineprintApp2.0-edbtiaosxutstxgrjhgnzdfuyups/Build/Intermediates.noindex/KineprintApp.build/Debug-iphonesimulator/KineprintApp.build/Objects-normal/arm64/KineprintApp_const_extract_protocols.json -Xcc -I/Users/adityakumar/Library/Developer/Xcode/DerivedData/KineprintApp2.0-edbtiaosxutstxgrjhgnzdfuyups/Build/Products/Debug-iphonesimulator/include -Xcc -I/Users/adityakumar/Library/Developer/Xcode/DerivedData/KineprintApp2.0-edbtiaosxutstxgrjhgnzdfuyups/Build/Intermediates.noindex/KineprintApp.build/Debug-iphonesimulator/KineprintApp.build/DerivedSources-normal/arm64 -Xcc -I/Users/adityakumar/Library/Developer/Xcode/DerivedData/KineprintApp2.0-edbtiaosxutstxgrjhgnzdfuyups/Build/Intermediates.noindex/KineprintApp.build/Debug-iphonesimulator/KineprintApp.build/DerivedSources/arm64 -Xcc -I/Users/adityakumar/Library/Developer/Xcode/DerivedData/KineprintApp2.0-edbtiaosxutstxgrjhgnzdfuyups/Build/Intermediates.noindex/KineprintApp.build/Debug-iphonesimulator/KineprintApp.build/DerivedSources -Xcc -DSWIFT_PACKAGE -Xcc -DDEBUG\=1 -working-directory /Users/adityakumar/Documents/KineprintApp2.0.swiftpm/.swiftpm/xcode -experimental-emit-module-separately -disable-cmo

SwiftCompile normal arm64 Compiling\ ScannerAnimations.swift /Users/adityakumar/Documents/KineprintApp2.0.swiftpm/ScannerAnimations.swift (in target 'KineprintApp' from project 'KineprintApp')

SwiftCompile normal arm64 /Users/adityakumar/Documents/KineprintApp2.0.swiftpm/ScannerAnimations.swift (in target 'KineprintApp' from project 'KineprintApp')
    cd /Users/adityakumar/Documents/KineprintApp2.0.swiftpm/.swiftpm/xcode
    
/Users/adityakumar/Documents/KineprintApp2.0.swiftpm/ScannerAnimations.swift:87:30: warning: main actor-isolated property 'showCapturedBlueprint' can not be referenced from a Sendable closure
                if viewModel.showCapturedBlueprint {
                             ^
/Users/adityakumar/Documents/KineprintApp2.0.swiftpm/ContentView.swift:1091:20: note: property declared here
    @Published var showCapturedBlueprint = false
                   ^

SwiftEmitModule normal x86_64 Emitting\ module\ for\ KineprintApp (in target 'KineprintApp' from project 'KineprintApp')

EmitSwiftModule normal x86_64 (in target 'KineprintApp' from project 'KineprintApp')
    cd /Users/adityakumar/Documents/KineprintApp2.0.swiftpm/.swiftpm/xcode
    

SwiftEmitModule normal arm64 Emitting\ module\ for\ KineprintApp (in target 'KineprintApp' from project 'KineprintApp')

EmitSwiftModule normal arm64 (in target 'KineprintApp' from project 'KineprintApp')
    cd /Users/adityakumar/Documents/KineprintApp2.0.swiftpm/.swiftpm/xcode
    

SwiftCompile normal x86_64 Compiling\ ScannerAnimations.swift /Users/adityakumar/Documents/KineprintApp2.0.swiftpm/ScannerAnimations.swift (in target 'KineprintApp' from project 'KineprintApp')

SwiftCompile normal x86_64 /Users/adityakumar/Documents/KineprintApp2.0.swiftpm/ScannerAnimations.swift (in target 'KineprintApp' from project 'KineprintApp')
    cd /Users/adityakumar/Documents/KineprintApp2.0.swiftpm/.swiftpm/xcode
    
/Users/adityakumar/Documents/KineprintApp2.0.swiftpm/ScannerAnimations.swift:87:30: warning: main actor-isolated property 'showCapturedBlueprint' can not be referenced from a Sendable closure
                if viewModel.showCapturedBlueprint {
                             ^
/Users/adityakumar/Documents/KineprintApp2.0.swiftpm/ContentView.swift:1091:20: note: property declared here
    @Published var showCapturedBlueprint = false
                   ^

SwiftDriverJobDiscovery normal x86_64 Compiling ScannerAnimations.swift (in target 'KineprintApp' from project 'KineprintApp')

SwiftDriverJobDiscovery normal arm64 Compiling ScannerAnimations.swift (in target 'KineprintApp' from project 'KineprintApp')

SwiftCompile normal x86_64 Compiling\ OscillationGameView.swift /Users/adityakumar/Documents/KineprintApp2.0.swiftpm/OscillationGameView.swift (in target 'KineprintApp' from project 'KineprintApp')

SwiftCompile normal x86_64 /Users/adityakumar/Documents/KineprintApp2.0.swiftpm/OscillationGameView.swift (in target 'KineprintApp' from project 'KineprintApp')
    cd /Users/adityakumar/Documents/KineprintApp2.0.swiftpm/.swiftpm/xcode
    

SwiftCompile normal x86_64 Compiling\ ProfileSettingsView.swift /Users/adityakumar/Documents/KineprintApp2.0.swiftpm/ProfileSettingsView.swift (in target 'KineprintApp' from project 'KineprintApp')

SwiftCompile normal x86_64 /Users/adityakumar/Documents/KineprintApp2.0.swiftpm/ProfileSettingsView.swift (in target 'KineprintApp' from project 'KineprintApp')
    cd /Users/adityakumar/Documents/KineprintApp2.0.swiftpm/.swiftpm/xcode
    

SwiftCompile normal x86_64 Compiling\ OnboardingView.swift /Users/adityakumar/Documents/KineprintApp2.0.swiftpm/OnboardingView.swift (in target 'KineprintApp' from project 'KineprintApp')

SwiftCompile normal x86_64 /Users/adityakumar/Documents/KineprintApp2.0.swiftpm/OnboardingView.swift (in target 'KineprintApp' from project 'KineprintApp')
    cd /Users/adityakumar/Documents/KineprintApp2.0.swiftpm/.swiftpm/xcode
    

SwiftCompile normal x86_64 Compiling\ ResearchLibraryView.swift /Users/adityakumar/Documents/KineprintApp2.0.swiftpm/ResearchLibraryView.swift (in target 'KineprintApp' from project 'KineprintApp')

SwiftCompile normal x86_64 /Users/adityakumar/Documents/KineprintApp2.0.swiftpm/ResearchLibraryView.swift (in target 'KineprintApp' from project 'KineprintApp')
    cd /Users/adityakumar/Documents/KineprintApp2.0.swiftpm/.swiftpm/xcode
    

SwiftCompile normal arm64 Compiling\ TrajectoryGameView.swift /Users/adityakumar/Documents/KineprintApp2.0.swiftpm/TrajectoryGameView.swift (in target 'KineprintApp' from project 'KineprintApp')

SwiftCompile normal arm64 /Users/adityakumar/Documents/KineprintApp2.0.swiftpm/TrajectoryGameView.swift (in target 'KineprintApp' from project 'KineprintApp')
    cd /Users/adityakumar/Documents/KineprintApp2.0.swiftpm/.swiftpm/xcode
    

SwiftCompile normal arm64 Compiling\ ResearchLibraryView.swift /Users/adityakumar/Documents/KineprintApp2.0.swiftpm/ResearchLibraryView.swift (in target 'KineprintApp' from project 'KineprintApp')

SwiftCompile normal arm64 /Users/adityakumar/Documents/KineprintApp2.0.swiftpm/ResearchLibraryView.swift (in target 'KineprintApp' from project 'KineprintApp')
    cd /Users/adityakumar/Documents/KineprintApp2.0.swiftpm/.swiftpm/xcode
    

SwiftCompile normal x86_64 Compiling\ IoTLearningGameView.swift,\ LandingGameView.swift /Users/adityakumar/Documents/KineprintApp2.0.swiftpm/IoTLearningGameView.swift /Users/adityakumar/Documents/KineprintApp2.0.swiftpm/LandingGameView.swift (in target 'KineprintApp' from project 'KineprintApp')
SwiftCompile normal x86_64 /Users/adityakumar/Documents/KineprintApp2.0.swiftpm/IoTLearningGameView.swift (in target 'KineprintApp' from project 'KineprintApp')
    cd /Users/adityakumar/Documents/KineprintApp2.0.swiftpm/.swiftpm/xcode
    

SwiftCompile normal x86_64 /Users/adityakumar/Documents/KineprintApp2.0.swiftpm/LandingGameView.swift (in target 'KineprintApp' from project 'KineprintApp')
    cd /Users/adityakumar/Documents/KineprintApp2.0.swiftpm/.swiftpm/xcode
    

SwiftCompile normal x86_64 Compiling\ ContentView.swift,\ IoTControlHubView.swift /Users/adityakumar/Documents/KineprintApp2.0.swiftpm/ContentView.swift /Users/adityakumar/Documents/KineprintApp2.0.swiftpm/IoTControlHubView.swift (in target 'KineprintApp' from project 'KineprintApp')
SwiftCompile normal x86_64 /Users/adityakumar/Documents/KineprintApp2.0.swiftpm/ContentView.swift (in target 'KineprintApp' from project 'KineprintApp')
    cd /Users/adityakumar/Documents/KineprintApp2.0.swiftpm/.swiftpm/xcode
    

SwiftCompile normal x86_64 /Users/adityakumar/Documents/KineprintApp2.0.swiftpm/IoTControlHubView.swift (in target 'KineprintApp' from project 'KineprintApp')
    cd /Users/adityakumar/Documents/KineprintApp2.0.swiftpm/.swiftpm/xcode
    

SwiftCompile normal arm64 Compiling\ OscillationGameView.swift /Users/adityakumar/Documents/KineprintApp2.0.swiftpm/OscillationGameView.swift (in target 'KineprintApp' from project 'KineprintApp')

SwiftCompile normal arm64 /Users/adityakumar/Documents/KineprintApp2.0.swiftpm/OscillationGameView.swift (in target 'KineprintApp' from project 'KineprintApp')
    cd /Users/adityakumar/Documents/KineprintApp2.0.swiftpm/.swiftpm/xcode
    

SwiftDriverJobDiscovery normal arm64 Compiling TrajectoryGameView.swift (in target 'KineprintApp' from project 'KineprintApp')

SwiftCompile normal arm64 Compiling\ ProfileSettingsView.swift /Users/adityakumar/Documents/KineprintApp2.0.swiftpm/ProfileSettingsView.swift (in target 'KineprintApp' from project 'KineprintApp')

SwiftCompile normal arm64 /Users/adityakumar/Documents/KineprintApp2.0.swiftpm/ProfileSettingsView.swift (in target 'KineprintApp' from project 'KineprintApp')
    cd /Users/adityakumar/Documents/KineprintApp2.0.swiftpm/.swiftpm/xcode
    

SwiftDriverJobDiscovery normal x86_64 Compiling OnboardingView.swift (in target 'KineprintApp' from project 'KineprintApp')

SwiftCompile normal arm64 Compiling\ VelocityGameView.swift /Users/adityakumar/Documents/KineprintApp2.0.swiftpm/VelocityGameView.swift (in target 'KineprintApp' from project 'KineprintApp')

SwiftCompile normal arm64 /Users/adityakumar/Documents/KineprintApp2.0.swiftpm/VelocityGameView.swift (in target 'KineprintApp' from project 'KineprintApp')
    cd /Users/adityakumar/Documents/KineprintApp2.0.swiftpm/.swiftpm/xcode
    

SwiftDriverJobDiscovery normal x86_64 Compiling ProfileSettingsView.swift (in target 'KineprintApp' from project 'KineprintApp')

SwiftCompile normal arm64 Compiling\ IoTLearningGameView.swift,\ LandingGameView.swift /Users/adityakumar/Documents/KineprintApp2.0.swiftpm/IoTLearningGameView.swift /Users/adityakumar/Documents/KineprintApp2.0.swiftpm/LandingGameView.swift (in target 'KineprintApp' from project 'KineprintApp')

SwiftCompile normal arm64 /Users/adityakumar/Documents/KineprintApp2.0.swiftpm/IoTLearningGameView.swift (in target 'KineprintApp' from project 'KineprintApp')
    cd /Users/adityakumar/Documents/KineprintApp2.0.swiftpm/.swiftpm/xcode
    

SwiftCompile normal arm64 /Users/adityakumar/Documents/KineprintApp2.0.swiftpm/LandingGameView.swift (in target 'KineprintApp' from project 'KineprintApp')
    cd /Users/adityakumar/Documents/KineprintApp2.0.swiftpm/.swiftpm/xcode
    

SwiftDriverJobDiscovery normal x86_64 Compiling ResearchLibraryView.swift (in target 'KineprintApp' from project 'KineprintApp')

SwiftCompile normal arm64 Compiling\ OnboardingView.swift /Users/adityakumar/Documents/KineprintApp2.0.swiftpm/OnboardingView.swift (in target 'KineprintApp' from project 'KineprintApp')

SwiftCompile normal arm64 /Users/adityakumar/Documents/KineprintApp2.0.swiftpm/OnboardingView.swift (in target 'KineprintApp' from project 'KineprintApp')
    cd /Users/adityakumar/Documents/KineprintApp2.0.swiftpm/.swiftpm/xcode
    

SwiftDriverJobDiscovery normal arm64 Compiling ResearchLibraryView.swift (in target 'KineprintApp' from project 'KineprintApp')

SwiftCompile normal x86_64 Compiling\ VelocityGameView.swift /Users/adityakumar/Documents/KineprintApp2.0.swiftpm/VelocityGameView.swift (in target 'KineprintApp' from project 'KineprintApp')

SwiftCompile normal x86_64 /Users/adityakumar/Documents/KineprintApp2.0.swiftpm/VelocityGameView.swift (in target 'KineprintApp' from project 'KineprintApp')
    cd /Users/adityakumar/Documents/KineprintApp2.0.swiftpm/.swiftpm/xcode
    

SwiftDriverJobDiscovery normal x86_64 Compiling OscillationGameView.swift (in target 'KineprintApp' from project 'KineprintApp')

SwiftCompile normal x86_64 Compiling\ TrajectoryGameView.swift /Users/adityakumar/Documents/KineprintApp2.0.swiftpm/TrajectoryGameView.swift (in target 'KineprintApp' from project 'KineprintApp')

SwiftCompile normal x86_64 /Users/adityakumar/Documents/KineprintApp2.0.swiftpm/TrajectoryGameView.swift (in target 'KineprintApp' from project 'KineprintApp')
    cd /Users/adityakumar/Documents/KineprintApp2.0.swiftpm/.swiftpm/xcode
    

SwiftDriverJobDiscovery normal arm64 Compiling ProfileSettingsView.swift (in target 'KineprintApp' from project 'KineprintApp')

SwiftCompile normal arm64 Compiling\ ContentView.swift,\ IoTControlHubView.swift /Users/adityakumar/Documents/KineprintApp2.0.swiftpm/ContentView.swift /Users/adityakumar/Documents/KineprintApp2.0.swiftpm/IoTControlHubView.swift (in target 'KineprintApp' from project 'KineprintApp')
SwiftCompile normal arm64 /Users/adityakumar/Documents/KineprintApp2.0.swiftpm/ContentView.swift (in target 'KineprintApp' from project 'KineprintApp')
    cd /Users/adityakumar/Documents/KineprintApp2.0.swiftpm/.swiftpm/xcode
    

SwiftCompile normal arm64 /Users/adityakumar/Documents/KineprintApp2.0.swiftpm/IoTControlHubView.swift (in target 'KineprintApp' from project 'KineprintApp')
    cd /Users/adityakumar/Documents/KineprintApp2.0.swiftpm/.swiftpm/xcode
    

SwiftDriverJobDiscovery normal arm64 Compiling OscillationGameView.swift (in target 'KineprintApp' from project 'KineprintApp')

SwiftDriverJobDiscovery normal arm64 Compiling VelocityGameView.swift (in target 'KineprintApp' from project 'KineprintApp')

SwiftDriverJobDiscovery normal x86_64 Compiling IoTLearningGameView.swift, LandingGameView.swift (in target 'KineprintApp' from project 'KineprintApp')

SwiftDriverJobDiscovery normal x86_64 Compiling TrajectoryGameView.swift (in target 'KineprintApp' from project 'KineprintApp')

SwiftDriverJobDiscovery normal arm64 Compiling OnboardingView.swift (in target 'KineprintApp' from project 'KineprintApp')

SwiftDriverJobDiscovery normal x86_64 Compiling VelocityGameView.swift (in target 'KineprintApp' from project 'KineprintApp')

SwiftDriverJobDiscovery normal arm64 Compiling IoTLearningGameView.swift, LandingGameView.swift (in target 'KineprintApp' from project 'KineprintApp')

SwiftDriverJobDiscovery normal x86_64 Compiling ContentView.swift, IoTControlHubView.swift (in target 'KineprintApp' from project 'KineprintApp')

SwiftDriver\ Compilation KineprintApp normal x86_64 com.apple.xcode.tools.swift.compiler (in target 'KineprintApp' from project 'KineprintApp')
    cd /Users/adityakumar/Documents/KineprintApp2.0.swiftpm/.swiftpm/xcode
    builtin-Swift-Compilation -- /Applications/Xcode.app/Contents/Developer/Toolchains/XcodeDefault.xctoolchain/usr/bin/swiftc -module-name KineprintApp -Onone -enforce-exclusivity\=checked @/Users/adityakumar/Library/Developer/Xcode/DerivedData/KineprintApp2.0-edbtiaosxutstxgrjhgnzdfuyups/Build/Intermediates.noindex/KineprintApp.build/Debug-iphonesimulator/KineprintApp.build/Objects-normal/x86_64/KineprintApp.SwiftFileList -DSWIFT_PACKAGE -DDEBUG -DXcode -plugin-path /Applications/Xcode.app/Contents/Developer/Toolchains/XcodeDefault.xctoolchain/usr/lib/swift/host/plugins/testing -enable-experimental-feature DebugDescriptionMacro -sdk /Applications/Xcode.app/Contents/Developer/Platforms/iPhoneSimulator.platform/Developer/SDKs/iPhoneSimulator26.2.sdk -target x86_64-apple-ios16.0-simulator -g -module-cache-path /Users/adityakumar/Library/Developer/Xcode/DerivedData/ModuleCache.noindex -Xfrontend -serialize-debugging-options -enable-testing -index-store-path /Users/adityakumar/Library/Developer/Xcode/DerivedData/KineprintApp2.0-edbtiaosxutstxgrjhgnzdfuyups/Index.noindex/DataStore -Xcc -D_LIBCPP_HARDENING_MODE\=_LIBCPP_HARDENING_MODE_DEBUG -swift-version 5 -I /Users/adityakumar/Library/Developer/Xcode/DerivedData/KineprintApp2.0-edbtiaosxutstxgrjhgnzdfuyups/Build/Products/Debug-iphonesimulator -Isystem /Applications/Xcode.app/Contents/Developer/Platforms/iPhoneSimulator.platform/Developer/usr/lib -F /Users/adityakumar/Library/Developer/Xcode/DerivedData/KineprintApp2.0-edbtiaosxutstxgrjhgnzdfuyups/Build/Products/Debug-iphonesimulator -F /Applications/Xcode.app/Contents/Developer/Platforms/iPhoneSimulator.platform/Developer/Library/Frameworks -F /Applications/Xcode.app/Contents/Developer/Platforms/iPhoneSimulator.platform/Developer/SDKs/iPhoneSimulator26.2.sdk/Developer/Library/Frameworks -c -j8 -enable-batch-mode -incremental -Xcc -ivfsstatcache -Xcc /Users/adityakumar/Library/Developer/Xcode/DerivedData/SDKStatCaches.noindex/iphonesimulator26.2-23C53-7d00a8b37fbd7999ea79df8ebc024bf0.sdkstatcache -output-file-map /Users/adityakumar/Library/Developer/Xcode/DerivedData/KineprintApp2.0-edbtiaosxutstxgrjhgnzdfuyups/Build/Intermediates.noindex/KineprintApp.build/Debug-iphonesimulator/KineprintApp.build/Objects-normal/x86_64/KineprintApp-OutputFileMap.json -use-frontend-parseable-output -save-temps -no-color-diagnostics -explicit-module-build -module-cache-path /Users/adityakumar/Library/Developer/Xcode/DerivedData/KineprintApp2.0-edbtiaosxutstxgrjhgnzdfuyups/Build/Intermediates.noindex/SwiftExplicitPrecompiledModules -clang-scanner-module-cache-path /Users/adityakumar/Library/Developer/Xcode/DerivedData/ModuleCache.noindex -sdk-module-cache-path /Users/adityakumar/Library/Developer/Xcode/DerivedData/ModuleCache.noindex -serialize-diagnostics -emit-dependencies -emit-module -emit-module-path /Users/adityakumar/Library/Developer/Xcode/DerivedData/KineprintApp2.0-edbtiaosxutstxgrjhgnzdfuyups/Build/Intermediates.noindex/KineprintApp.build/Debug-iphonesimulator/KineprintApp.build/Objects-normal/x86_64/KineprintApp.swiftmodule -validate-clang-modules-once -clang-build-session-file /Users/adityakumar/Library/Developer/Xcode/DerivedData/ModuleCache.noindex/Session.modulevalidation -package-name kineprintapp2_0_swiftpm -emit-const-values -Xfrontend -const-gather-protocols-file -Xfrontend /Users/adityakumar/Library/Developer/Xcode/DerivedData/KineprintApp2.0-edbtiaosxutstxgrjhgnzdfuyups/Build/Intermediates.noindex/KineprintApp.build/Debug-iphonesimulator/KineprintApp.build/Objects-normal/x86_64/KineprintApp_const_extract_protocols.json -Xcc -I/Users/adityakumar/Library/Developer/Xcode/DerivedData/KineprintApp2.0-edbtiaosxutstxgrjhgnzdfuyups/Build/Products/Debug-iphonesimulator/include -Xcc -I/Users/adityakumar/Library/Developer/Xcode/DerivedData/KineprintApp2.0-edbtiaosxutstxgrjhgnzdfuyups/Build/Intermediates.noindex/KineprintApp.build/Debug-iphonesimulator/KineprintApp.build/DerivedSources-normal/x86_64 -Xcc -I/Users/adityakumar/Library/Developer/Xcode/DerivedData/KineprintApp2.0-edbtiaosxutstxgrjhgnzdfuyups/Build/Intermediates.noindex/KineprintApp.build/Debug-iphonesimulator/KineprintApp.build/DerivedSources/x86_64 -Xcc -I/Users/adityakumar/Library/Developer/Xcode/DerivedData/KineprintApp2.0-edbtiaosxutstxgrjhgnzdfuyups/Build/Intermediates.noindex/KineprintApp.build/Debug-iphonesimulator/KineprintApp.build/DerivedSources -Xcc -DSWIFT_PACKAGE -Xcc -DDEBUG\=1 -working-directory /Users/adityakumar/Documents/KineprintApp2.0.swiftpm/.swiftpm/xcode -experimental-emit-module-separately -disable-cmo

Ld /Users/adityakumar/Library/Developer/Xcode/DerivedData/KineprintApp2.0-edbtiaosxutstxgrjhgnzdfuyups/Build/Intermediates.noindex/KineprintApp.build/Debug-iphonesimulator/KineprintApp.build/Objects-normal/x86_64/Binary/KineprintApp.debug.dylib normal x86_64 (in target 'KineprintApp' from project 'KineprintApp')
    cd /Users/adityakumar/Documents/KineprintApp2.0.swiftpm
    /Applications/Xcode.app/Contents/Developer/Toolchains/XcodeDefault.xctoolchain/usr/bin/clang -Xlinker -reproducible -target x86_64-apple-ios16.0-simulator -dynamiclib -isysroot /Applications/Xcode.app/Contents/Developer/Platforms/iPhoneSimulator.platform/Developer/SDKs/iPhoneSimulator26.2.sdk -O0 -L/Users/adityakumar/Library/Developer/Xcode/DerivedData/KineprintApp2.0-edbtiaosxutstxgrjhgnzdfuyups/Build/Intermediates.noindex/EagerLinkingTBDs/Debug-iphonesimulator -L/Users/adityakumar/Library/Developer/Xcode/DerivedData/KineprintApp2.0-edbtiaosxutstxgrjhgnzdfuyups/Build/Products/Debug-iphonesimulator -L/Applications/Xcode.app/Contents/Developer/Platforms/iPhoneSimulator.platform/Developer/usr/lib -F/Users/adityakumar/Library/Developer/Xcode/DerivedData/KineprintApp2.0-edbtiaosxutstxgrjhgnzdfuyups/Build/Intermediates.noindex/EagerLinkingTBDs/Debug-iphonesimulator -F/Users/adityakumar/Library/Developer/Xcode/DerivedData/KineprintApp2.0-edbtiaosxutstxgrjhgnzdfuyups/Build/Products/Debug-iphonesimulator -iframework /Applications/Xcode.app/Contents/Developer/Platforms/iPhoneSimulator.platform/Developer/Library/Frameworks -iframework /Applications/Xcode.app/Contents/Developer/Platforms/iPhoneSimulator.platform/Developer/SDKs/iPhoneSimulator26.2.sdk/Developer/Library/Frameworks -filelist /Users/adityakumar/Library/Developer/Xcode/DerivedData/KineprintApp2.0-edbtiaosxutstxgrjhgnzdfuyups/Build/Intermediates.noindex/KineprintApp.build/Debug-iphonesimulator/KineprintApp.build/Objects-normal/x86_64/KineprintApp.LinkFileList -install_name @rpath/KineprintApp.debug.dylib -Xlinker -rpath -Xlinker /usr/lib/swift -Xlinker -rpath -Xlinker @executable_path/../lib -dead_strip -Xlinker -object_path_lto -Xlinker /Users/adityakumar/Library/Developer/Xcode/DerivedData/KineprintApp2.0-edbtiaosxutstxgrjhgnzdfuyups/Build/Intermediates.noindex/KineprintApp.build/Debug-iphonesimulator/KineprintApp.build/Objects-normal/x86_64/KineprintApp_lto.o -rdynamic -Xlinker -no_deduplicate -Xlinker -objc_abi_version -Xlinker 2 -Xlinker -dependency_info -Xlinker /Users/adityakumar/Library/Developer/Xcode/DerivedData/KineprintApp2.0-edbtiaosxutstxgrjhgnzdfuyups/Build/Intermediates.noindex/KineprintApp.build/Debug-iphonesimulator/KineprintApp.build/Objects-normal/x86_64/KineprintApp_dependency_info.dat -fobjc-link-runtime -L/Applications/Xcode.app/Contents/Developer/Toolchains/XcodeDefault.xctoolchain/usr/lib/swift/iphonesimulator -L/usr/lib/swift -Xlinker -add_ast_path -Xlinker /Users/adityakumar/Library/Developer/Xcode/DerivedData/KineprintApp2.0-edbtiaosxutstxgrjhgnzdfuyups/Build/Intermediates.noindex/KineprintApp.build/Debug-iphonesimulator/KineprintApp.build/Objects-normal/x86_64/KineprintApp.swiftmodule @/Users/adityakumar/Library/Developer/Xcode/DerivedData/KineprintApp2.0-edbtiaosxutstxgrjhgnzdfuyups/Build/Intermediates.noindex/KineprintApp.build/Debug-iphonesimulator/KineprintApp.build/Objects-normal/x86_64/KineprintApp-linker-args.resp -Xlinker -alias -Xlinker _main -Xlinker ___debug_main_executable_dylib_entry_point -Xlinker -no_adhoc_codesign -o /Users/adityakumar/Library/Developer/Xcode/DerivedData/KineprintApp2.0-edbtiaosxutstxgrjhgnzdfuyups/Build/Intermediates.noindex/KineprintApp.build/Debug-iphonesimulator/KineprintApp.build/Objects-normal/x86_64/Binary/KineprintApp.debug.dylib

SwiftDriverJobDiscovery normal x86_64 Emitting module for KineprintApp (in target 'KineprintApp' from project 'KineprintApp')

SwiftDriver\ Compilation\ Requirements KineprintApp normal x86_64 com.apple.xcode.tools.swift.compiler (in target 'KineprintApp' from project 'KineprintApp')
    cd /Users/adityakumar/Documents/KineprintApp2.0.swiftpm/.swiftpm/xcode
    builtin-Swift-Compilation-Requirements -- /Applications/Xcode.app/Contents/Developer/Toolchains/XcodeDefault.xctoolchain/usr/bin/swiftc -module-name KineprintApp -Onone -enforce-exclusivity\=checked @/Users/adityakumar/Library/Developer/Xcode/DerivedData/KineprintApp2.0-edbtiaosxutstxgrjhgnzdfuyups/Build/Intermediates.noindex/KineprintApp.build/Debug-iphonesimulator/KineprintApp.build/Objects-normal/x86_64/KineprintApp.SwiftFileList -DSWIFT_PACKAGE -DDEBUG -DXcode -plugin-path /Applications/Xcode.app/Contents/Developer/Toolchains/XcodeDefault.xctoolchain/usr/lib/swift/host/plugins/testing -enable-experimental-feature DebugDescriptionMacro -sdk /Applications/Xcode.app/Contents/Developer/Platforms/iPhoneSimulator.platform/Developer/SDKs/iPhoneSimulator26.2.sdk -target x86_64-apple-ios16.0-simulator -g -module-cache-path /Users/adityakumar/Library/Developer/Xcode/DerivedData/ModuleCache.noindex -Xfrontend -serialize-debugging-options -enable-testing -index-store-path /Users/adityakumar/Library/Developer/Xcode/DerivedData/KineprintApp2.0-edbtiaosxutstxgrjhgnzdfuyups/Index.noindex/DataStore -Xcc -D_LIBCPP_HARDENING_MODE\=_LIBCPP_HARDENING_MODE_DEBUG -swift-version 5 -I /Users/adityakumar/Library/Developer/Xcode/DerivedData/KineprintApp2.0-edbtiaosxutstxgrjhgnzdfuyups/Build/Products/Debug-iphonesimulator -Isystem /Applications/Xcode.app/Contents/Developer/Platforms/iPhoneSimulator.platform/Developer/usr/lib -F /Users/adityakumar/Library/Developer/Xcode/DerivedData/KineprintApp2.0-edbtiaosxutstxgrjhgnzdfuyups/Build/Products/Debug-iphonesimulator -F /Applications/Xcode.app/Contents/Developer/Platforms/iPhoneSimulator.platform/Developer/Library/Frameworks -F /Applications/Xcode.app/Contents/Developer/Platforms/iPhoneSimulator.platform/Developer/SDKs/iPhoneSimulator26.2.sdk/Developer/Library/Frameworks -c -j8 -enable-batch-mode -incremental -Xcc -ivfsstatcache -Xcc /Users/adityakumar/Library/Developer/Xcode/DerivedData/SDKStatCaches.noindex/iphonesimulator26.2-23C53-7d00a8b37fbd7999ea79df8ebc024bf0.sdkstatcache -output-file-map /Users/adityakumar/Library/Developer/Xcode/DerivedData/KineprintApp2.0-edbtiaosxutstxgrjhgnzdfuyups/Build/Intermediates.noindex/KineprintApp.build/Debug-iphonesimulator/KineprintApp.build/Objects-normal/x86_64/KineprintApp-OutputFileMap.json -use-frontend-parseable-output -save-temps -no-color-diagnostics -explicit-module-build -module-cache-path /Users/adityakumar/Library/Developer/Xcode/DerivedData/KineprintApp2.0-edbtiaosxutstxgrjhgnzdfuyups/Build/Intermediates.noindex/SwiftExplicitPrecompiledModules -clang-scanner-module-cache-path /Users/adityakumar/Library/Developer/Xcode/DerivedData/ModuleCache.noindex -sdk-module-cache-path /Users/adityakumar/Library/Developer/Xcode/DerivedData/ModuleCache.noindex -serialize-diagnostics -emit-dependencies -emit-module -emit-module-path /Users/adityakumar/Library/Developer/Xcode/DerivedData/KineprintApp2.0-edbtiaosxutstxgrjhgnzdfuyups/Build/Intermediates.noindex/KineprintApp.build/Debug-iphonesimulator/KineprintApp.build/Objects-normal/x86_64/KineprintApp.swiftmodule -validate-clang-modules-once -clang-build-session-file /Users/adityakumar/Library/Developer/Xcode/DerivedData/ModuleCache.noindex/Session.modulevalidation -package-name kineprintapp2_0_swiftpm -emit-const-values -Xfrontend -const-gather-protocols-file -Xfrontend /Users/adityakumar/Library/Developer/Xcode/DerivedData/KineprintApp2.0-edbtiaosxutstxgrjhgnzdfuyups/Build/Intermediates.noindex/KineprintApp.build/Debug-iphonesimulator/KineprintApp.build/Objects-normal/x86_64/KineprintApp_const_extract_protocols.json -Xcc -I/Users/adityakumar/Library/Developer/Xcode/DerivedData/KineprintApp2.0-edbtiaosxutstxgrjhgnzdfuyups/Build/Products/Debug-iphonesimulator/include -Xcc -I/Users/adityakumar/Library/Developer/Xcode/DerivedData/KineprintApp2.0-edbtiaosxutstxgrjhgnzdfuyups/Build/Intermediates.noindex/KineprintApp.build/Debug-iphonesimulator/KineprintApp.build/DerivedSources-normal/x86_64 -Xcc -I/Users/adityakumar/Library/Developer/Xcode/DerivedData/KineprintApp2.0-edbtiaosxutstxgrjhgnzdfuyups/Build/Intermediates.noindex/KineprintApp.build/Debug-iphonesimulator/KineprintApp.build/DerivedSources/x86_64 -Xcc -I/Users/adityakumar/Library/Developer/Xcode/DerivedData/KineprintApp2.0-edbtiaosxutstxgrjhgnzdfuyups/Build/Intermediates.noindex/KineprintApp.build/Debug-iphonesimulator/KineprintApp.build/DerivedSources -Xcc -DSWIFT_PACKAGE -Xcc -DDEBUG\=1 -working-directory /Users/adityakumar/Documents/KineprintApp2.0.swiftpm/.swiftpm/xcode -experimental-emit-module-separately -disable-cmo

SwiftDriverJobDiscovery normal arm64 Compiling ContentView.swift, IoTControlHubView.swift (in target 'KineprintApp' from project 'KineprintApp')

SwiftDriver\ Compilation KineprintApp normal arm64 com.apple.xcode.tools.swift.compiler (in target 'KineprintApp' from project 'KineprintApp')
    cd /Users/adityakumar/Documents/KineprintApp2.0.swiftpm/.swiftpm/xcode
    builtin-Swift-Compilation -- /Applications/Xcode.app/Contents/Developer/Toolchains/XcodeDefault.xctoolchain/usr/bin/swiftc -module-name KineprintApp -Onone -enforce-exclusivity\=checked @/Users/adityakumar/Library/Developer/Xcode/DerivedData/KineprintApp2.0-edbtiaosxutstxgrjhgnzdfuyups/Build/Intermediates.noindex/KineprintApp.build/Debug-iphonesimulator/KineprintApp.build/Objects-normal/arm64/KineprintApp.SwiftFileList -DSWIFT_PACKAGE -DDEBUG -DXcode -plugin-path /Applications/Xcode.app/Contents/Developer/Toolchains/XcodeDefault.xctoolchain/usr/lib/swift/host/plugins/testing -enable-experimental-feature DebugDescriptionMacro -sdk /Applications/Xcode.app/Contents/Developer/Platforms/iPhoneSimulator.platform/Developer/SDKs/iPhoneSimulator26.2.sdk -target arm64-apple-ios16.0-simulator -g -module-cache-path /Users/adityakumar/Library/Developer/Xcode/DerivedData/ModuleCache.noindex -Xfrontend -serialize-debugging-options -enable-testing -index-store-path /Users/adityakumar/Library/Developer/Xcode/DerivedData/KineprintApp2.0-edbtiaosxutstxgrjhgnzdfuyups/Index.noindex/DataStore -Xcc -D_LIBCPP_HARDENING_MODE\=_LIBCPP_HARDENING_MODE_DEBUG -swift-version 5 -I /Users/adityakumar/Library/Developer/Xcode/DerivedData/KineprintApp2.0-edbtiaosxutstxgrjhgnzdfuyups/Build/Products/Debug-iphonesimulator -Isystem /Applications/Xcode.app/Contents/Developer/Platforms/iPhoneSimulator.platform/Developer/usr/lib -F /Users/adityakumar/Library/Developer/Xcode/DerivedData/KineprintApp2.0-edbtiaosxutstxgrjhgnzdfuyups/Build/Products/Debug-iphonesimulator -F /Applications/Xcode.app/Contents/Developer/Platforms/iPhoneSimulator.platform/Developer/Library/Frameworks -F /Applications/Xcode.app/Contents/Developer/Platforms/iPhoneSimulator.platform/Developer/SDKs/iPhoneSimulator26.2.sdk/Developer/Library/Frameworks -c -j8 -enable-batch-mode -incremental -Xcc -ivfsstatcache -Xcc /Users/adityakumar/Library/Developer/Xcode/DerivedData/SDKStatCaches.noindex/iphonesimulator26.2-23C53-7d00a8b37fbd7999ea79df8ebc024bf0.sdkstatcache -output-file-map /Users/adityakumar/Library/Developer/Xcode/DerivedData/KineprintApp2.0-edbtiaosxutstxgrjhgnzdfuyups/Build/Intermediates.noindex/KineprintApp.build/Debug-iphonesimulator/KineprintApp.build/Objects-normal/arm64/KineprintApp-OutputFileMap.json -use-frontend-parseable-output -save-temps -no-color-diagnostics -explicit-module-build -module-cache-path /Users/adityakumar/Library/Developer/Xcode/DerivedData/KineprintApp2.0-edbtiaosxutstxgrjhgnzdfuyups/Build/Intermediates.noindex/SwiftExplicitPrecompiledModules -clang-scanner-module-cache-path /Users/adityakumar/Library/Developer/Xcode/DerivedData/ModuleCache.noindex -sdk-module-cache-path /Users/adityakumar/Library/Developer/Xcode/DerivedData/ModuleCache.noindex -serialize-diagnostics -emit-dependencies -emit-module -emit-module-path /Users/adityakumar/Library/Developer/Xcode/DerivedData/KineprintApp2.0-edbtiaosxutstxgrjhgnzdfuyups/Build/Intermediates.noindex/KineprintApp.build/Debug-iphonesimulator/KineprintApp.build/Objects-normal/arm64/KineprintApp.swiftmodule -validate-clang-modules-once -clang-build-session-file /Users/adityakumar/Library/Developer/Xcode/DerivedData/ModuleCache.noindex/Session.modulevalidation -package-name kineprintapp2_0_swiftpm -emit-const-values -Xfrontend -const-gather-protocols-file -Xfrontend /Users/adityakumar/Library/Developer/Xcode/DerivedData/KineprintApp2.0-edbtiaosxutstxgrjhgnzdfuyups/Build/Intermediates.noindex/KineprintApp.build/Debug-iphonesimulator/KineprintApp.build/Objects-normal/arm64/KineprintApp_const_extract_protocols.json -Xcc -I/Users/adityakumar/Library/Developer/Xcode/DerivedData/KineprintApp2.0-edbtiaosxutstxgrjhgnzdfuyups/Build/Products/Debug-iphonesimulator/include -Xcc -I/Users/adityakumar/Library/Developer/Xcode/DerivedData/KineprintApp2.0-edbtiaosxutstxgrjhgnzdfuyups/Build/Intermediates.noindex/KineprintApp.build/Debug-iphonesimulator/KineprintApp.build/DerivedSources-normal/arm64 -Xcc -I/Users/adityakumar/Library/Developer/Xcode/DerivedData/KineprintApp2.0-edbtiaosxutstxgrjhgnzdfuyups/Build/Intermediates.noindex/KineprintApp.build/Debug-iphonesimulator/KineprintApp.build/DerivedSources/arm64 -Xcc -I/Users/adityakumar/Library/Developer/Xcode/DerivedData/KineprintApp2.0-edbtiaosxutstxgrjhgnzdfuyups/Build/Intermediates.noindex/KineprintApp.build/Debug-iphonesimulator/KineprintApp.build/DerivedSources -Xcc -DSWIFT_PACKAGE -Xcc -DDEBUG\=1 -working-directory /Users/adityakumar/Documents/KineprintApp2.0.swiftpm/.swiftpm/xcode -experimental-emit-module-separately -disable-cmo

ConstructStubExecutorLinkFileList /Users/adityakumar/Library/Developer/Xcode/DerivedData/KineprintApp2.0-edbtiaosxutstxgrjhgnzdfuyups/Build/Intermediates.noindex/KineprintApp.build/Debug-iphonesimulator/KineprintApp.build/KineprintApp-ExecutorLinkFileList-normal-x86_64.txt (in target 'KineprintApp' from project 'KineprintApp')
    cd /Users/adityakumar/Documents/KineprintApp2.0.swiftpm
    construct-stub-executor-link-file-list /Users/adityakumar/Library/Developer/Xcode/DerivedData/KineprintApp2.0-edbtiaosxutstxgrjhgnzdfuyups/Build/Intermediates.noindex/KineprintApp.build/Debug-iphonesimulator/KineprintApp.build/Objects-normal/x86_64/Binary/KineprintApp.debug.dylib /Applications/Xcode.app/Contents/Developer/Platforms/iPhoneSimulator.platform/Developer/usr/lib/libPreviewsJITStubExecutor_no_swift_entry_point.a /Applications/Xcode.app/Contents/Developer/Platforms/iPhoneSimulator.platform/Developer/usr/lib/libPreviewsJITStubExecutor.a --output /Users/adityakumar/Library/Developer/Xcode/DerivedData/KineprintApp2.0-edbtiaosxutstxgrjhgnzdfuyups/Build/Intermediates.noindex/KineprintApp.build/Debug-iphonesimulator/KineprintApp.build/KineprintApp-ExecutorLinkFileList-normal-x86_64.txt
note: Using stub executor library with Swift entry point. (in target 'KineprintApp' from project 'KineprintApp')

Ld /Users/adityakumar/Library/Developer/Xcode/DerivedData/KineprintApp2.0-edbtiaosxutstxgrjhgnzdfuyups/Build/Intermediates.noindex/KineprintApp.build/Debug-iphonesimulator/KineprintApp.build/Objects-normal/arm64/Binary/KineprintApp.debug.dylib normal arm64 (in target 'KineprintApp' from project 'KineprintApp')
    cd /Users/adityakumar/Documents/KineprintApp2.0.swiftpm
    /Applications/Xcode.app/Contents/Developer/Toolchains/XcodeDefault.xctoolchain/usr/bin/clang -Xlinker -reproducible -target arm64-apple-ios16.0-simulator -dynamiclib -isysroot /Applications/Xcode.app/Contents/Developer/Platforms/iPhoneSimulator.platform/Developer/SDKs/iPhoneSimulator26.2.sdk -O0 -L/Users/adityakumar/Library/Developer/Xcode/DerivedData/KineprintApp2.0-edbtiaosxutstxgrjhgnzdfuyups/Build/Intermediates.noindex/EagerLinkingTBDs/Debug-iphonesimulator -L/Users/adityakumar/Library/Developer/Xcode/DerivedData/KineprintApp2.0-edbtiaosxutstxgrjhgnzdfuyups/Build/Products/Debug-iphonesimulator -L/Applications/Xcode.app/Contents/Developer/Platforms/iPhoneSimulator.platform/Developer/usr/lib -F/Users/adityakumar/Library/Developer/Xcode/DerivedData/KineprintApp2.0-edbtiaosxutstxgrjhgnzdfuyups/Build/Intermediates.noindex/EagerLinkingTBDs/Debug-iphonesimulator -F/Users/adityakumar/Library/Developer/Xcode/DerivedData/KineprintApp2.0-edbtiaosxutstxgrjhgnzdfuyups/Build/Products/Debug-iphonesimulator -iframework /Applications/Xcode.app/Contents/Developer/Platforms/iPhoneSimulator.platform/Developer/Library/Frameworks -iframework /Applications/Xcode.app/Contents/Developer/Platforms/iPhoneSimulator.platform/Developer/SDKs/iPhoneSimulator26.2.sdk/Developer/Library/Frameworks -filelist /Users/adityakumar/Library/Developer/Xcode/DerivedData/KineprintApp2.0-edbtiaosxutstxgrjhgnzdfuyups/Build/Intermediates.noindex/KineprintApp.build/Debug-iphonesimulator/KineprintApp.build/Objects-normal/arm64/KineprintApp.LinkFileList -install_name @rpath/KineprintApp.debug.dylib -Xlinker -rpath -Xlinker /usr/lib/swift -Xlinker -rpath -Xlinker @executable_path/../lib -dead_strip -Xlinker -object_path_lto -Xlinker /Users/adityakumar/Library/Developer/Xcode/DerivedData/KineprintApp2.0-edbtiaosxutstxgrjhgnzdfuyups/Build/Intermediates.noindex/KineprintApp.build/Debug-iphonesimulator/KineprintApp.build/Objects-normal/arm64/KineprintApp_lto.o -rdynamic -Xlinker -no_deduplicate -Xlinker -objc_abi_version -Xlinker 2 -Xlinker -dependency_info -Xlinker /Users/adityakumar/Library/Developer/Xcode/DerivedData/KineprintApp2.0-edbtiaosxutstxgrjhgnzdfuyups/Build/Intermediates.noindex/KineprintApp.build/Debug-iphonesimulator/KineprintApp.build/Objects-normal/arm64/KineprintApp_dependency_info.dat -fobjc-link-runtime -L/Applications/Xcode.app/Contents/Developer/Toolchains/XcodeDefault.xctoolchain/usr/lib/swift/iphonesimulator -L/usr/lib/swift -Xlinker -add_ast_path -Xlinker /Users/adityakumar/Library/Developer/Xcode/DerivedData/KineprintApp2.0-edbtiaosxutstxgrjhgnzdfuyups/Build/Intermediates.noindex/KineprintApp.build/Debug-iphonesimulator/KineprintApp.build/Objects-normal/arm64/KineprintApp.swiftmodule @/Users/adityakumar/Library/Developer/Xcode/DerivedData/KineprintApp2.0-edbtiaosxutstxgrjhgnzdfuyups/Build/Intermediates.noindex/KineprintApp.build/Debug-iphonesimulator/KineprintApp.build/Objects-normal/arm64/KineprintApp-linker-args.resp -Xlinker -alias -Xlinker _main -Xlinker ___debug_main_executable_dylib_entry_point -Xlinker -no_adhoc_codesign -o /Users/adityakumar/Library/Developer/Xcode/DerivedData/KineprintApp2.0-edbtiaosxutstxgrjhgnzdfuyups/Build/Intermediates.noindex/KineprintApp.build/Debug-iphonesimulator/KineprintApp.build/Objects-normal/arm64/Binary/KineprintApp.debug.dylib

SwiftDriverJobDiscovery normal arm64 Emitting module for KineprintApp (in target 'KineprintApp' from project 'KineprintApp')

Copy /Users/adityakumar/Library/Developer/Xcode/DerivedData/KineprintApp2.0-edbtiaosxutstxgrjhgnzdfuyups/Build/Products/Debug-iphonesimulator/KineprintApp.swiftmodule/x86_64-apple-ios-simulator.swiftmodule /Users/adityakumar/Library/Developer/Xcode/DerivedData/KineprintApp2.0-edbtiaosxutstxgrjhgnzdfuyups/Build/Intermediates.noindex/KineprintApp.build/Debug-iphonesimulator/KineprintApp.build/Objects-normal/x86_64/KineprintApp.swiftmodule (in target 'KineprintApp' from project 'KineprintApp')
    cd /Users/adityakumar/Documents/KineprintApp2.0.swiftpm
    builtin-copy -exclude .DS_Store -exclude CVS -exclude .svn -exclude .git -exclude .hg -resolve-src-symlinks -rename /Users/adityakumar/Library/Developer/Xcode/DerivedData/KineprintApp2.0-edbtiaosxutstxgrjhgnzdfuyups/Build/Intermediates.noindex/KineprintApp.build/Debug-iphonesimulator/KineprintApp.build/Objects-normal/x86_64/KineprintApp.swiftmodule /Users/adityakumar/Library/Developer/Xcode/DerivedData/KineprintApp2.0-edbtiaosxutstxgrjhgnzdfuyups/Build/Products/Debug-iphonesimulator/KineprintApp.swiftmodule/x86_64-apple-ios-simulator.swiftmodule

Copy /Users/adityakumar/Library/Developer/Xcode/DerivedData/KineprintApp2.0-edbtiaosxutstxgrjhgnzdfuyups/Build/Products/Debug-iphonesimulator/KineprintApp.swiftmodule/x86_64-apple-ios-simulator.abi.json /Users/adityakumar/Library/Developer/Xcode/DerivedData/KineprintApp2.0-edbtiaosxutstxgrjhgnzdfuyups/Build/Intermediates.noindex/KineprintApp.build/Debug-iphonesimulator/KineprintApp.build/Objects-normal/x86_64/KineprintApp.abi.json (in target 'KineprintApp' from project 'KineprintApp')
    cd /Users/adityakumar/Documents/KineprintApp2.0.swiftpm
    builtin-copy -exclude .DS_Store -exclude CVS -exclude .svn -exclude .git -exclude .hg -resolve-src-symlinks -rename /Users/adityakumar/Library/Developer/Xcode/DerivedData/KineprintApp2.0-edbtiaosxutstxgrjhgnzdfuyups/Build/Intermediates.noindex/KineprintApp.build/Debug-iphonesimulator/KineprintApp.build/Objects-normal/x86_64/KineprintApp.abi.json /Users/adityakumar/Library/Developer/Xcode/DerivedData/KineprintApp2.0-edbtiaosxutstxgrjhgnzdfuyups/Build/Products/Debug-iphonesimulator/KineprintApp.swiftmodule/x86_64-apple-ios-simulator.abi.json

Copy /Users/adityakumar/Library/Developer/Xcode/DerivedData/KineprintApp2.0-edbtiaosxutstxgrjhgnzdfuyups/Build/Products/Debug-iphonesimulator/KineprintApp.swiftmodule/Project/x86_64-apple-ios-simulator.swiftsourceinfo /Users/adityakumar/Library/Developer/Xcode/DerivedData/KineprintApp2.0-edbtiaosxutstxgrjhgnzdfuyups/Build/Intermediates.noindex/KineprintApp.build/Debug-iphonesimulator/KineprintApp.build/Objects-normal/x86_64/KineprintApp.swiftsourceinfo (in target 'KineprintApp' from project 'KineprintApp')
    cd /Users/adityakumar/Documents/KineprintApp2.0.swiftpm
    builtin-copy -exclude .DS_Store -exclude CVS -exclude .svn -exclude .git -exclude .hg -resolve-src-symlinks -rename /Users/adityakumar/Library/Developer/Xcode/DerivedData/KineprintApp2.0-edbtiaosxutstxgrjhgnzdfuyups/Build/Intermediates.noindex/KineprintApp.build/Debug-iphonesimulator/KineprintApp.build/Objects-normal/x86_64/KineprintApp.swiftsourceinfo /Users/adityakumar/Library/Developer/Xcode/DerivedData/KineprintApp2.0-edbtiaosxutstxgrjhgnzdfuyups/Build/Products/Debug-iphonesimulator/KineprintApp.swiftmodule/Project/x86_64-apple-ios-simulator.swiftsourceinfo

SwiftDriver\ Compilation\ Requirements KineprintApp normal arm64 com.apple.xcode.tools.swift.compiler (in target 'KineprintApp' from project 'KineprintApp')
    cd /Users/adityakumar/Documents/KineprintApp2.0.swiftpm/.swiftpm/xcode
    builtin-Swift-Compilation-Requirements -- /Applications/Xcode.app/Contents/Developer/Toolchains/XcodeDefault.xctoolchain/usr/bin/swiftc -module-name KineprintApp -Onone -enforce-exclusivity\=checked @/Users/adityakumar/Library/Developer/Xcode/DerivedData/KineprintApp2.0-edbtiaosxutstxgrjhgnzdfuyups/Build/Intermediates.noindex/KineprintApp.build/Debug-iphonesimulator/KineprintApp.build/Objects-normal/arm64/KineprintApp.SwiftFileList -DSWIFT_PACKAGE -DDEBUG -DXcode -plugin-path /Applications/Xcode.app/Contents/Developer/Toolchains/XcodeDefault.xctoolchain/usr/lib/swift/host/plugins/testing -enable-experimental-feature DebugDescriptionMacro -sdk /Applications/Xcode.app/Contents/Developer/Platforms/iPhoneSimulator.platform/Developer/SDKs/iPhoneSimulator26.2.sdk -target arm64-apple-ios16.0-simulator -g -module-cache-path /Users/adityakumar/Library/Developer/Xcode/DerivedData/ModuleCache.noindex -Xfrontend -serialize-debugging-options -enable-testing -index-store-path /Users/adityakumar/Library/Developer/Xcode/DerivedData/KineprintApp2.0-edbtiaosxutstxgrjhgnzdfuyups/Index.noindex/DataStore -Xcc -D_LIBCPP_HARDENING_MODE\=_LIBCPP_HARDENING_MODE_DEBUG -swift-version 5 -I /Users/adityakumar/Library/Developer/Xcode/DerivedData/KineprintApp2.0-edbtiaosxutstxgrjhgnzdfuyups/Build/Products/Debug-iphonesimulator -Isystem /Applications/Xcode.app/Contents/Developer/Platforms/iPhoneSimulator.platform/Developer/usr/lib -F /Users/adityakumar/Library/Developer/Xcode/DerivedData/KineprintApp2.0-edbtiaosxutstxgrjhgnzdfuyups/Build/Products/Debug-iphonesimulator -F /Applications/Xcode.app/Contents/Developer/Platforms/iPhoneSimulator.platform/Developer/Library/Frameworks -F /Applications/Xcode.app/Contents/Developer/Platforms/iPhoneSimulator.platform/Developer/SDKs/iPhoneSimulator26.2.sdk/Developer/Library/Frameworks -c -j8 -enable-batch-mode -incremental -Xcc -ivfsstatcache -Xcc /Users/adityakumar/Library/Developer/Xcode/DerivedData/SDKStatCaches.noindex/iphonesimulator26.2-23C53-7d00a8b37fbd7999ea79df8ebc024bf0.sdkstatcache -output-file-map /Users/adityakumar/Library/Developer/Xcode/DerivedData/KineprintApp2.0-edbtiaosxutstxgrjhgnzdfuyups/Build/Intermediates.noindex/KineprintApp.build/Debug-iphonesimulator/KineprintApp.build/Objects-normal/arm64/KineprintApp-OutputFileMap.json -use-frontend-parseable-output -save-temps -no-color-diagnostics -explicit-module-build -module-cache-path /Users/adityakumar/Library/Developer/Xcode/DerivedData/KineprintApp2.0-edbtiaosxutstxgrjhgnzdfuyups/Build/Intermediates.noindex/SwiftExplicitPrecompiledModules -clang-scanner-module-cache-path /Users/adityakumar/Library/Developer/Xcode/DerivedData/ModuleCache.noindex -sdk-module-cache-path /Users/adityakumar/Library/Developer/Xcode/DerivedData/ModuleCache.noindex -serialize-diagnostics -emit-dependencies -emit-module -emit-module-path /Users/adityakumar/Library/Developer/Xcode/DerivedData/KineprintApp2.0-edbtiaosxutstxgrjhgnzdfuyups/Build/Intermediates.noindex/KineprintApp.build/Debug-iphonesimulator/KineprintApp.build/Objects-normal/arm64/KineprintApp.swiftmodule -validate-clang-modules-once -clang-build-session-file /Users/adityakumar/Library/Developer/Xcode/DerivedData/ModuleCache.noindex/Session.modulevalidation -package-name kineprintapp2_0_swiftpm -emit-const-values -Xfrontend -const-gather-protocols-file -Xfrontend /Users/adityakumar/Library/Developer/Xcode/DerivedData/KineprintApp2.0-edbtiaosxutstxgrjhgnzdfuyups/Build/Intermediates.noindex/KineprintApp.build/Debug-iphonesimulator/KineprintApp.build/Objects-normal/arm64/KineprintApp_const_extract_protocols.json -Xcc -I/Users/adityakumar/Library/Developer/Xcode/DerivedData/KineprintApp2.0-edbtiaosxutstxgrjhgnzdfuyups/Build/Products/Debug-iphonesimulator/include -Xcc -I/Users/adityakumar/Library/Developer/Xcode/DerivedData/KineprintApp2.0-edbtiaosxutstxgrjhgnzdfuyups/Build/Intermediates.noindex/KineprintApp.build/Debug-iphonesimulator/KineprintApp.build/DerivedSources-normal/arm64 -Xcc -I/Users/adityakumar/Library/Developer/Xcode/DerivedData/KineprintApp2.0-edbtiaosxutstxgrjhgnzdfuyups/Build/Intermediates.noindex/KineprintApp.build/Debug-iphonesimulator/KineprintApp.build/DerivedSources/arm64 -Xcc -I/Users/adityakumar/Library/Developer/Xcode/DerivedData/KineprintApp2.0-edbtiaosxutstxgrjhgnzdfuyups/Build/Intermediates.noindex/KineprintApp.build/Debug-iphonesimulator/KineprintApp.build/DerivedSources -Xcc -DSWIFT_PACKAGE -Xcc -DDEBUG\=1 -working-directory /Users/adityakumar/Documents/KineprintApp2.0.swiftpm/.swiftpm/xcode -experimental-emit-module-separately -disable-cmo

Copy /Users/adityakumar/Library/Developer/Xcode/DerivedData/KineprintApp2.0-edbtiaosxutstxgrjhgnzdfuyups/Build/Products/Debug-iphonesimulator/KineprintApp.swiftmodule/arm64-apple-ios-simulator.swiftmodule /Users/adityakumar/Library/Developer/Xcode/DerivedData/KineprintApp2.0-edbtiaosxutstxgrjhgnzdfuyups/Build/Intermediates.noindex/KineprintApp.build/Debug-iphonesimulator/KineprintApp.build/Objects-normal/arm64/KineprintApp.swiftmodule (in target 'KineprintApp' from project 'KineprintApp')
    cd /Users/adityakumar/Documents/KineprintApp2.0.swiftpm
    builtin-copy -exclude .DS_Store -exclude CVS -exclude .svn -exclude .git -exclude .hg -resolve-src-symlinks -rename /Users/adityakumar/Library/Developer/Xcode/DerivedData/KineprintApp2.0-edbtiaosxutstxgrjhgnzdfuyups/Build/Intermediates.noindex/KineprintApp.build/Debug-iphonesimulator/KineprintApp.build/Objects-normal/arm64/KineprintApp.swiftmodule /Users/adityakumar/Library/Developer/Xcode/DerivedData/KineprintApp2.0-edbtiaosxutstxgrjhgnzdfuyups/Build/Products/Debug-iphonesimulator/KineprintApp.swiftmodule/arm64-apple-ios-simulator.swiftmodule

Copy /Users/adityakumar/Library/Developer/Xcode/DerivedData/KineprintApp2.0-edbtiaosxutstxgrjhgnzdfuyups/Build/Products/Debug-iphonesimulator/KineprintApp.swiftmodule/arm64-apple-ios-simulator.abi.json /Users/adityakumar/Library/Developer/Xcode/DerivedData/KineprintApp2.0-edbtiaosxutstxgrjhgnzdfuyups/Build/Intermediates.noindex/KineprintApp.build/Debug-iphonesimulator/KineprintApp.build/Objects-normal/arm64/KineprintApp.abi.json (in target 'KineprintApp' from project 'KineprintApp')
    cd /Users/adityakumar/Documents/KineprintApp2.0.swiftpm
    builtin-copy -exclude .DS_Store -exclude CVS -exclude .svn -exclude .git -exclude .hg -resolve-src-symlinks -rename /Users/adityakumar/Library/Developer/Xcode/DerivedData/KineprintApp2.0-edbtiaosxutstxgrjhgnzdfuyups/Build/Intermediates.noindex/KineprintApp.build/Debug-iphonesimulator/KineprintApp.build/Objects-normal/arm64/KineprintApp.abi.json /Users/adityakumar/Library/Developer/Xcode/DerivedData/KineprintApp2.0-edbtiaosxutstxgrjhgnzdfuyups/Build/Products/Debug-iphonesimulator/KineprintApp.swiftmodule/arm64-apple-ios-simulator.abi.json

Copy /Users/adityakumar/Library/Developer/Xcode/DerivedData/KineprintApp2.0-edbtiaosxutstxgrjhgnzdfuyups/Build/Products/Debug-iphonesimulator/KineprintApp.swiftmodule/Project/arm64-apple-ios-simulator.swiftsourceinfo /Users/adityakumar/Library/Developer/Xcode/DerivedData/KineprintApp2.0-edbtiaosxutstxgrjhgnzdfuyups/Build/Intermediates.noindex/KineprintApp.build/Debug-iphonesimulator/KineprintApp.build/Objects-normal/arm64/KineprintApp.swiftsourceinfo (in target 'KineprintApp' from project 'KineprintApp')
    cd /Users/adityakumar/Documents/KineprintApp2.0.swiftpm
    builtin-copy -exclude .DS_Store -exclude CVS -exclude .svn -exclude .git -exclude .hg -resolve-src-symlinks -rename /Users/adityakumar/Library/Developer/Xcode/DerivedData/KineprintApp2.0-edbtiaosxutstxgrjhgnzdfuyups/Build/Intermediates.noindex/KineprintApp.build/Debug-iphonesimulator/KineprintApp.build/Objects-normal/arm64/KineprintApp.swiftsourceinfo /Users/adityakumar/Library/Developer/Xcode/DerivedData/KineprintApp2.0-edbtiaosxutstxgrjhgnzdfuyups/Build/Products/Debug-iphonesimulator/KineprintApp.swiftmodule/Project/arm64-apple-ios-simulator.swiftsourceinfo

Ld /Users/adityakumar/Library/Developer/Xcode/DerivedData/KineprintApp2.0-edbtiaosxutstxgrjhgnzdfuyups/Build/Intermediates.noindex/KineprintApp.build/Debug-iphonesimulator/KineprintApp.build/Objects-normal/x86_64/Binary/KineprintApp normal x86_64 (in target 'KineprintApp' from project 'KineprintApp')
    cd /Users/adityakumar/Documents/KineprintApp2.0.swiftpm
    /Applications/Xcode.app/Contents/Developer/Toolchains/XcodeDefault.xctoolchain/usr/bin/clang -Xlinker -reproducible -target x86_64-apple-ios16.0-simulator -isysroot /Applications/Xcode.app/Contents/Developer/Platforms/iPhoneSimulator.platform/Developer/SDKs/iPhoneSimulator26.2.sdk -O0 -L/Users/adityakumar/Library/Developer/Xcode/DerivedData/KineprintApp2.0-edbtiaosxutstxgrjhgnzdfuyups/Build/Products/Debug-iphonesimulator -L/Applications/Xcode.app/Contents/Developer/Platforms/iPhoneSimulator.platform/Developer/usr/lib -F/Users/adityakumar/Library/Developer/Xcode/DerivedData/KineprintApp2.0-edbtiaosxutstxgrjhgnzdfuyups/Build/Products/Debug-iphonesimulator -iframework /Applications/Xcode.app/Contents/Developer/Platforms/iPhoneSimulator.platform/Developer/Library/Frameworks -iframework /Applications/Xcode.app/Contents/Developer/Platforms/iPhoneSimulator.platform/Developer/SDKs/iPhoneSimulator26.2.sdk/Developer/Library/Frameworks -Xlinker -rpath -Xlinker @executable_path -Xlinker -rpath -Xlinker @executable_path/../lib -rdynamic -Xlinker -no_deduplicate -Xlinker -objc_abi_version -Xlinker 2 -e ___debug_blank_executor_main -Xlinker -sectcreate -Xlinker __TEXT -Xlinker __debug_dylib -Xlinker /Users/adityakumar/Library/Developer/Xcode/DerivedData/KineprintApp2.0-edbtiaosxutstxgrjhgnzdfuyups/Build/Intermediates.noindex/KineprintApp.build/Debug-iphonesimulator/KineprintApp.build/KineprintApp-DebugDylibPath-normal-x86_64.txt -Xlinker -sectcreate -Xlinker __TEXT -Xlinker __debug_instlnm -Xlinker /Users/adityakumar/Library/Developer/Xcode/DerivedData/KineprintApp2.0-edbtiaosxutstxgrjhgnzdfuyups/Build/Intermediates.noindex/KineprintApp.build/Debug-iphonesimulator/KineprintApp.build/KineprintApp-DebugDylibInstallName-normal-x86_64.txt -Xlinker -filelist -Xlinker /Users/adityakumar/Library/Developer/Xcode/DerivedData/KineprintApp2.0-edbtiaosxutstxgrjhgnzdfuyups/Build/Intermediates.noindex/KineprintApp.build/Debug-iphonesimulator/KineprintApp.build/KineprintApp-ExecutorLinkFileList-normal-x86_64.txt -Xlinker -sectcreate -Xlinker __TEXT -Xlinker __entitlements -Xlinker /Users/adityakumar/Library/Developer/Xcode/DerivedData/KineprintApp2.0-edbtiaosxutstxgrjhgnzdfuyups/Build/Intermediates.noindex/KineprintApp.build/Debug-iphonesimulator/KineprintApp.build/KineprintApp.app-Simulated.xcent -Xlinker -sectcreate -Xlinker __TEXT -Xlinker __ents_der -Xlinker /Users/adityakumar/Library/Developer/Xcode/DerivedData/KineprintApp2.0-edbtiaosxutstxgrjhgnzdfuyups/Build/Intermediates.noindex/KineprintApp.build/Debug-iphonesimulator/KineprintApp.build/KineprintApp.app-Simulated.xcent.der /Users/adityakumar/Library/Developer/Xcode/DerivedData/KineprintApp2.0-edbtiaosxutstxgrjhgnzdfuyups/Build/Intermediates.noindex/KineprintApp.build/Debug-iphonesimulator/KineprintApp.build/Objects-normal/x86_64/Binary/KineprintApp.debug.dylib -Xlinker -no_adhoc_codesign -o /Users/adityakumar/Library/Developer/Xcode/DerivedData/KineprintApp2.0-edbtiaosxutstxgrjhgnzdfuyups/Build/Intermediates.noindex/KineprintApp.build/Debug-iphonesimulator/KineprintApp.build/Objects-normal/x86_64/Binary/KineprintApp

CreateUniversalBinary /Users/adityakumar/Library/Developer/Xcode/DerivedData/KineprintApp2.0-edbtiaosxutstxgrjhgnzdfuyups/Build/Products/Debug-iphonesimulator/KineprintApp.app/KineprintApp.debug.dylib normal arm64\ x86_64 (in target 'KineprintApp' from project 'KineprintApp')
    cd /Users/adityakumar/Documents/KineprintApp2.0.swiftpm
    /Applications/Xcode.app/Contents/Developer/Toolchains/XcodeDefault.xctoolchain/usr/bin/lipo -create /Users/adityakumar/Library/Developer/Xcode/DerivedData/KineprintApp2.0-edbtiaosxutstxgrjhgnzdfuyups/Build/Intermediates.noindex/KineprintApp.build/Debug-iphonesimulator/KineprintApp.build/Objects-normal/arm64/Binary/KineprintApp.debug.dylib /Users/adityakumar/Library/Developer/Xcode/DerivedData/KineprintApp2.0-edbtiaosxutstxgrjhgnzdfuyups/Build/Intermediates.noindex/KineprintApp.build/Debug-iphonesimulator/KineprintApp.build/Objects-normal/x86_64/Binary/KineprintApp.debug.dylib -output /Users/adityakumar/Library/Developer/Xcode/DerivedData/KineprintApp2.0-edbtiaosxutstxgrjhgnzdfuyups/Build/Products/Debug-iphonesimulator/KineprintApp.app/KineprintApp.debug.dylib

ConstructStubExecutorLinkFileList /Users/adityakumar/Library/Developer/Xcode/DerivedData/KineprintApp2.0-edbtiaosxutstxgrjhgnzdfuyups/Build/Intermediates.noindex/KineprintApp.build/Debug-iphonesimulator/KineprintApp.build/KineprintApp-ExecutorLinkFileList-normal-arm64.txt (in target 'KineprintApp' from project 'KineprintApp')
    cd /Users/adityakumar/Documents/KineprintApp2.0.swiftpm
    construct-stub-executor-link-file-list /Users/adityakumar/Library/Developer/Xcode/DerivedData/KineprintApp2.0-edbtiaosxutstxgrjhgnzdfuyups/Build/Intermediates.noindex/KineprintApp.build/Debug-iphonesimulator/KineprintApp.build/Objects-normal/arm64/Binary/KineprintApp.debug.dylib /Applications/Xcode.app/Contents/Developer/Platforms/iPhoneSimulator.platform/Developer/usr/lib/libPreviewsJITStubExecutor_no_swift_entry_point.a /Applications/Xcode.app/Contents/Developer/Platforms/iPhoneSimulator.platform/Developer/usr/lib/libPreviewsJITStubExecutor.a --output /Users/adityakumar/Library/Developer/Xcode/DerivedData/KineprintApp2.0-edbtiaosxutstxgrjhgnzdfuyups/Build/Intermediates.noindex/KineprintApp.build/Debug-iphonesimulator/KineprintApp.build/KineprintApp-ExecutorLinkFileList-normal-arm64.txt
note: Using stub executor library with Swift entry point. (in target 'KineprintApp' from project 'KineprintApp')

Ld /Users/adityakumar/Library/Developer/Xcode/DerivedData/KineprintApp2.0-edbtiaosxutstxgrjhgnzdfuyups/Build/Intermediates.noindex/KineprintApp.build/Debug-iphonesimulator/KineprintApp.build/Objects-normal/arm64/Binary/KineprintApp normal arm64 (in target 'KineprintApp' from project 'KineprintApp')
    cd /Users/adityakumar/Documents/KineprintApp2.0.swiftpm
    /Applications/Xcode.app/Contents/Developer/Toolchains/XcodeDefault.xctoolchain/usr/bin/clang -Xlinker -reproducible -target arm64-apple-ios16.0-simulator -isysroot /Applications/Xcode.app/Contents/Developer/Platforms/iPhoneSimulator.platform/Developer/SDKs/iPhoneSimulator26.2.sdk -O0 -L/Users/adityakumar/Library/Developer/Xcode/DerivedData/KineprintApp2.0-edbtiaosxutstxgrjhgnzdfuyups/Build/Products/Debug-iphonesimulator -L/Applications/Xcode.app/Contents/Developer/Platforms/iPhoneSimulator.platform/Developer/usr/lib -F/Users/adityakumar/Library/Developer/Xcode/DerivedData/KineprintApp2.0-edbtiaosxutstxgrjhgnzdfuyups/Build/Products/Debug-iphonesimulator -iframework /Applications/Xcode.app/Contents/Developer/Platforms/iPhoneSimulator.platform/Developer/Library/Frameworks -iframework /Applications/Xcode.app/Contents/Developer/Platforms/iPhoneSimulator.platform/Developer/SDKs/iPhoneSimulator26.2.sdk/Developer/Library/Frameworks -Xlinker -rpath -Xlinker @executable_path -Xlinker -rpath -Xlinker @executable_path/../lib -rdynamic -Xlinker -no_deduplicate -Xlinker -objc_abi_version -Xlinker 2 -e ___debug_blank_executor_main -Xlinker -sectcreate -Xlinker __TEXT -Xlinker __debug_dylib -Xlinker /Users/adityakumar/Library/Developer/Xcode/DerivedData/KineprintApp2.0-edbtiaosxutstxgrjhgnzdfuyups/Build/Intermediates.noindex/KineprintApp.build/Debug-iphonesimulator/KineprintApp.build/KineprintApp-DebugDylibPath-normal-arm64.txt -Xlinker -sectcreate -Xlinker __TEXT -Xlinker __debug_instlnm -Xlinker /Users/adityakumar/Library/Developer/Xcode/DerivedData/KineprintApp2.0-edbtiaosxutstxgrjhgnzdfuyups/Build/Intermediates.noindex/KineprintApp.build/Debug-iphonesimulator/KineprintApp.build/KineprintApp-DebugDylibInstallName-normal-arm64.txt -Xlinker -filelist -Xlinker /Users/adityakumar/Library/Developer/Xcode/DerivedData/KineprintApp2.0-edbtiaosxutstxgrjhgnzdfuyups/Build/Intermediates.noindex/KineprintApp.build/Debug-iphonesimulator/KineprintApp.build/KineprintApp-ExecutorLinkFileList-normal-arm64.txt -Xlinker -sectcreate -Xlinker __TEXT -Xlinker __entitlements -Xlinker /Users/adityakumar/Library/Developer/Xcode/DerivedData/KineprintApp2.0-edbtiaosxutstxgrjhgnzdfuyups/Build/Intermediates.noindex/KineprintApp.build/Debug-iphonesimulator/KineprintApp.build/KineprintApp.app-Simulated.xcent -Xlinker -sectcreate -Xlinker __TEXT -Xlinker __ents_der -Xlinker /Users/adityakumar/Library/Developer/Xcode/DerivedData/KineprintApp2.0-edbtiaosxutstxgrjhgnzdfuyups/Build/Intermediates.noindex/KineprintApp.build/Debug-iphonesimulator/KineprintApp.build/KineprintApp.app-Simulated.xcent.der /Users/adityakumar/Library/Developer/Xcode/DerivedData/KineprintApp2.0-edbtiaosxutstxgrjhgnzdfuyups/Build/Intermediates.noindex/KineprintApp.build/Debug-iphonesimulator/KineprintApp.build/Objects-normal/arm64/Binary/KineprintApp.debug.dylib -Xlinker -no_adhoc_codesign -o /Users/adityakumar/Library/Developer/Xcode/DerivedData/KineprintApp2.0-edbtiaosxutstxgrjhgnzdfuyups/Build/Intermediates.noindex/KineprintApp.build/Debug-iphonesimulator/KineprintApp.build/Objects-normal/arm64/Binary/KineprintApp

CreateUniversalBinary /Users/adityakumar/Library/Developer/Xcode/DerivedData/KineprintApp2.0-edbtiaosxutstxgrjhgnzdfuyups/Build/Products/Debug-iphonesimulator/KineprintApp.app/KineprintApp normal arm64\ x86_64 (in target 'KineprintApp' from project 'KineprintApp')
    cd /Users/adityakumar/Documents/KineprintApp2.0.swiftpm
    /Applications/Xcode.app/Contents/Developer/Toolchains/XcodeDefault.xctoolchain/usr/bin/lipo -create /Users/adityakumar/Library/Developer/Xcode/DerivedData/KineprintApp2.0-edbtiaosxutstxgrjhgnzdfuyups/Build/Intermediates.noindex/KineprintApp.build/Debug-iphonesimulator/KineprintApp.build/Objects-normal/arm64/Binary/KineprintApp /Users/adityakumar/Library/Developer/Xcode/DerivedData/KineprintApp2.0-edbtiaosxutstxgrjhgnzdfuyups/Build/Intermediates.noindex/KineprintApp.build/Debug-iphonesimulator/KineprintApp.build/Objects-normal/x86_64/Binary/KineprintApp -output /Users/adityakumar/Library/Developer/Xcode/DerivedData/KineprintApp2.0-edbtiaosxutstxgrjhgnzdfuyups/Build/Products/Debug-iphonesimulator/KineprintApp.app/KineprintApp

ExtractAppIntentsMetadata (in target 'KineprintApp' from project 'KineprintApp')
    cd /Users/adityakumar/Documents/KineprintApp2.0.swiftpm
    /Applications/Xcode.app/Contents/Developer/Toolchains/XcodeDefault.xctoolchain/usr/bin/appintentsmetadataprocessor --toolchain-dir /Applications/Xcode.app/Contents/Developer/Toolchains/XcodeDefault.xctoolchain --module-name KineprintApp --sdk-root /Applications/Xcode.app/Contents/Developer/Platforms/iPhoneSimulator.platform/Developer/SDKs/iPhoneSimulator26.2.sdk --xcode-version 17C52 --platform-family iOS --deployment-target 16.0 --bundle-identifier com-adi-kineprintApp.KineprintApp --output /Users/adityakumar/Library/Developer/Xcode/DerivedData/KineprintApp2.0-edbtiaosxutstxgrjhgnzdfuyups/Build/Products/Debug-iphonesimulator/KineprintApp.app --target-triple arm64-apple-ios16.0-simulator --target-triple x86_64-apple-ios16.0-simulator --binary-file /Users/adityakumar/Library/Developer/Xcode/DerivedData/KineprintApp2.0-edbtiaosxutstxgrjhgnzdfuyups/Build/Products/Debug-iphonesimulator/KineprintApp.app/KineprintApp --dependency-file /Users/adityakumar/Library/Developer/Xcode/DerivedData/KineprintApp2.0-edbtiaosxutstxgrjhgnzdfuyups/Build/Intermediates.noindex/KineprintApp.build/Debug-iphonesimulator/KineprintApp.build/Objects-normal/arm64/KineprintApp_dependency_info.dat --dependency-file /Users/adityakumar/Library/Developer/Xcode/DerivedData/KineprintApp2.0-edbtiaosxutstxgrjhgnzdfuyups/Build/Intermediates.noindex/KineprintApp.build/Debug-iphonesimulator/KineprintApp.build/Objects-normal/x86_64/KineprintApp_dependency_info.dat --stringsdata-file /Users/adityakumar/Library/Developer/Xcode/DerivedData/KineprintApp2.0-edbtiaosxutstxgrjhgnzdfuyups/Build/Intermediates.noindex/KineprintApp.build/Debug-iphonesimulator/KineprintApp.build/Objects-normal/arm64/ExtractedAppShortcutsMetadata.stringsdata --stringsdata-file /Users/adityakumar/Library/Developer/Xcode/DerivedData/KineprintApp2.0-edbtiaosxutstxgrjhgnzdfuyups/Build/Intermediates.noindex/KineprintApp.build/Debug-iphonesimulator/KineprintApp.build/Objects-normal/x86_64/ExtractedAppShortcutsMetadata.stringsdata --source-file-list /Users/adityakumar/Library/Developer/Xcode/DerivedData/KineprintApp2.0-edbtiaosxutstxgrjhgnzdfuyups/Build/Intermediates.noindex/KineprintApp.build/Debug-iphonesimulator/KineprintApp.build/Objects-normal/arm64/KineprintApp.SwiftFileList --source-file-list /Users/adityakumar/Library/Developer/Xcode/DerivedData/KineprintApp2.0-edbtiaosxutstxgrjhgnzdfuyups/Build/Intermediates.noindex/KineprintApp.build/Debug-iphonesimulator/KineprintApp.build/Objects-normal/x86_64/KineprintApp.SwiftFileList --metadata-file-list /Users/adityakumar/Library/Developer/Xcode/DerivedData/KineprintApp2.0-edbtiaosxutstxgrjhgnzdfuyups/Build/Intermediates.noindex/KineprintApp.build/Debug-iphonesimulator/KineprintApp.build/KineprintApp.DependencyMetadataFileList --static-metadata-file-list /Users/adityakumar/Library/Developer/Xcode/DerivedData/KineprintApp2.0-edbtiaosxutstxgrjhgnzdfuyups/Build/Intermediates.noindex/KineprintApp.build/Debug-iphonesimulator/KineprintApp.build/KineprintApp.DependencyStaticMetadataFileList --swift-const-vals-list /Users/adityakumar/Library/Developer/Xcode/DerivedData/KineprintApp2.0-edbtiaosxutstxgrjhgnzdfuyups/Build/Intermediates.noindex/KineprintApp.build/Debug-iphonesimulator/KineprintApp.build/Objects-normal/arm64/KineprintApp.SwiftConstValuesFileList --swift-const-vals-list /Users/adityakumar/Library/Developer/Xcode/DerivedData/KineprintApp2.0-edbtiaosxutstxgrjhgnzdfuyups/Build/Intermediates.noindex/KineprintApp.build/Debug-iphonesimulator/KineprintApp.build/Objects-normal/x86_64/KineprintApp.SwiftConstValuesFileList --compile-time-extraction --deployment-aware-processing --validate-assistant-intents --no-app-shortcuts-localization
2026-02-21 11:50:47.137 appintentsmetadataprocessor[13036:457452] Starting appintentsmetadataprocessor export
2026-02-21 11:50:47.143 appintentsmetadataprocessor[13036:457452] warning: Metadata extraction skipped. No AppIntents.framework dependency found.

CopySwiftLibs /Users/adityakumar/Library/Developer/Xcode/DerivedData/KineprintApp2.0-edbtiaosxutstxgrjhgnzdfuyups/Build/Products/Debug-iphonesimulator/KineprintApp.app (in target 'KineprintApp' from project 'KineprintApp')
    cd /Users/adityakumar/Documents/KineprintApp2.0.swiftpm
    builtin-swiftStdLibTool --copy --verbose --sign - --scan-executable /Users/adityakumar/Library/Developer/Xcode/DerivedData/KineprintApp2.0-edbtiaosxutstxgrjhgnzdfuyups/Build/Products/Debug-iphonesimulator/KineprintApp.app/KineprintApp.debug.dylib --scan-folder /Users/adityakumar/Library/Developer/Xcode/DerivedData/KineprintApp2.0-edbtiaosxutstxgrjhgnzdfuyups/Build/Products/Debug-iphonesimulator/KineprintApp.app/Frameworks --scan-folder /Users/adityakumar/Library/Developer/Xcode/DerivedData/KineprintApp2.0-edbtiaosxutstxgrjhgnzdfuyups/Build/Products/Debug-iphonesimulator/KineprintApp.app/PlugIns --scan-folder /Users/adityakumar/Library/Developer/Xcode/DerivedData/KineprintApp2.0-edbtiaosxutstxgrjhgnzdfuyups/Build/Products/Debug-iphonesimulator/KineprintApp.app/SystemExtensions --scan-folder /Users/adityakumar/Library/Developer/Xcode/DerivedData/KineprintApp2.0-edbtiaosxutstxgrjhgnzdfuyups/Build/Products/Debug-iphonesimulator/KineprintApp.app/Extensions --platform iphonesimulator --toolchain /Applications/Xcode.app/Contents/Developer/Toolchains/XcodeDefault.xctoolchain --destination /Users/adityakumar/Library/Developer/Xcode/DerivedData/KineprintApp2.0-edbtiaosxutstxgrjhgnzdfuyups/Build/Products/Debug-iphonesimulator/KineprintApp.app/Frameworks --strip-bitcode --strip-bitcode-tool /Applications/Xcode.app/Contents/Developer/Toolchains/XcodeDefault.xctoolchain/usr/bin/bitcode_strip --emit-dependency-info /Users/adityakumar/Library/Developer/Xcode/DerivedData/KineprintApp2.0-edbtiaosxutstxgrjhgnzdfuyups/Build/Intermediates.noindex/KineprintApp.build/Debug-iphonesimulator/KineprintApp.build/SwiftStdLibToolInputDependencies.dep --filter-for-swift-os --back-deploy-swift-span

CodeSign /Users/adityakumar/Library/Developer/Xcode/DerivedData/KineprintApp2.0-edbtiaosxutstxgrjhgnzdfuyups/Build/Products/Debug-iphonesimulator/KineprintApp.app/KineprintApp.debug.dylib (in target 'KineprintApp' from project 'KineprintApp')
    cd /Users/adityakumar/Documents/KineprintApp2.0.swiftpm
    
    Signing Identity:     "Sign to Run Locally"
    
    /usr/bin/codesign --force --sign - --timestamp\=none --generate-entitlement-der /Users/adityakumar/Library/Developer/Xcode/DerivedData/KineprintApp2.0-edbtiaosxutstxgrjhgnzdfuyups/Build/Products/Debug-iphonesimulator/KineprintApp.app/KineprintApp.debug.dylib

CodeSign /Users/adityakumar/Library/Developer/Xcode/DerivedData/KineprintApp2.0-edbtiaosxutstxgrjhgnzdfuyups/Build/Products/Debug-iphonesimulator/KineprintApp.app/__preview.dylib (in target 'KineprintApp' from project 'KineprintApp')
    cd /Users/adityakumar/Documents/KineprintApp2.0.swiftpm
    
    Signing Identity:     "Sign to Run Locally"
    
    /usr/bin/codesign --force --sign - --timestamp\=none --generate-entitlement-der /Users/adityakumar/Library/Developer/Xcode/DerivedData/KineprintApp2.0-edbtiaosxutstxgrjhgnzdfuyups/Build/Products/Debug-iphonesimulator/KineprintApp.app/__preview.dylib
/Users/adityakumar/Library/Developer/Xcode/DerivedData/KineprintApp2.0-edbtiaosxutstxgrjhgnzdfuyups/Build/Products/Debug-iphonesimulator/KineprintApp.app/__preview.dylib: replacing existing signature

CodeSign /Users/adityakumar/Library/Developer/Xcode/DerivedData/KineprintApp2.0-edbtiaosxutstxgrjhgnzdfuyups/Build/Products/Debug-iphonesimulator/KineprintApp.app (in target 'KineprintApp' from project 'KineprintApp')
    cd /Users/adityakumar/Documents/KineprintApp2.0.swiftpm
    
    Signing Identity:     "Sign to Run Locally"
    
    /usr/bin/codesign --force --sign - --timestamp\=none --generate-entitlement-der /Users/adityakumar/Library/Developer/Xcode/DerivedData/KineprintApp2.0-edbtiaosxutstxgrjhgnzdfuyups/Build/Products/Debug-iphonesimulator/KineprintApp.app

Validate /Users/adityakumar/Library/Developer/Xcode/DerivedData/KineprintApp2.0-edbtiaosxutstxgrjhgnzdfuyups/Build/Products/Debug-iphonesimulator/KineprintApp.app (in target 'KineprintApp' from project 'KineprintApp')
    cd /Users/adityakumar/Documents/KineprintApp2.0.swiftpm
    builtin-validationUtility /Users/adityakumar/Library/Developer/Xcode/DerivedData/KineprintApp2.0-edbtiaosxutstxgrjhgnzdfuyups/Build/Products/Debug-iphonesimulator/KineprintApp.app -shallow-bundle -infoplist-subpath Info.plist

** BUILD SUCCEEDED **

